[20251112_191911]index:0;amount:42;created
[20251112_191911]index:1;amount:54;created
[20251112_191911]index:2;amount:957;created
[20251112_191911]index:3;amount:432;created
[20251112_191911]index:4;amount:1234;created
[20251112_191911]index:5;amount:0;created
[20251112_191911]index:6;amount:754;created
[20251112_191911]index:7;amount:16576;created
[20251112_191911] accounts:8;total:0;deposits:0;withdrawals:0
[20251112_191911]index:0;amount:42;deposits:0;withdrawals0
[20251112_191911]index:1;amount:54;deposits:0;withdrawals0
[20251112_191911]index:2;amount:957;deposits:0;withdrawals0
[20251112_191911]index:3;amount:432;deposits:0;withdrawals0
[20251112_191911]index:4;amount:1234;deposits:0;withdrawals0
[20251112_191911]index:5;amount:0;deposits:0;withdrawals0
[20251112_191911]index:6;amount:754;deposits:0;withdrawals0
[20251112_191911]index:7;amount:16576;deposits:0;withdrawals0
[20251112_191911] accounts:8;total:1475;deposits:0;withdrawals:0
[20251112_191911]index:0;amount:47;deposits:0;withdrawals0
[20251112_191911]index:1;amount:819;deposits:0;withdrawals0
[20251112_191911]index:2;amount:1521;deposits:0;withdrawals0
[20251112_191911]index:3;amount:434;deposits:0;withdrawals0
[20251112_191911]index:4;amount:1321;deposits:0;withdrawals0
[20251112_191911]index:5;amount:23;deposits:0;withdrawals0
[20251112_191911]index:6;amount:763;deposits:0;withdrawals0
[20251112_191911]index:7;amount:16596;deposits:0;withdrawals0
[20251112_191911] accounts:8;total:-8203;deposits:0;withdrawals:0
[20251112_191911]index:0;amount:-274;deposits:0;withdrawals0
[20251112_191911]index:1;amount:785;deposits:0;withdrawals0
[20251112_191911]index:2;amount:864;deposits:0;withdrawals0
[20251112_191911]index:3;amount:430;deposits:0;withdrawals0
[20251112_191911]index:4;amount:1245;deposits:0;withdrawals0
[20251112_191911]index:5;amount:-252;deposits:0;withdrawals0
[20251112_191911]index:6;amount:106;deposits:0;withdrawals0
[20251112_191911]index:7;amount:8942;deposits:0;withdrawals0
[20251112_191911]index:0;amount:-274;closed
[20251112_191911]index:1;amount:785;closed
[20251112_191911]index:2;amount:864;closed
[20251112_191911]index:3;amount:430;closed
[20251112_191911]index:4;amount:1245;closed
[20251112_191911]index:5;amount:-252;closed
[20251112_191911]index:6;amount:106;closed
[20251112_191911]index:7;amount:8942;closed
